[2021-05-11 16:09:33] app.INFO: Protect vendor folder in module contactform [] []
[2021-05-11 16:09:33] app.INFO: Module contactform has no vendor folder [] []
[2021-05-11 16:09:33] app.INFO: Protect vendor folder in module dashactivity [] []
[2021-05-11 16:09:33] app.INFO: Module dashactivity has no vendor folder [] []
[2021-05-11 16:09:33] app.INFO: Protect vendor folder in module dashgoals [] []
[2021-05-11 16:09:33] app.INFO: Module dashgoals has no vendor folder [] []
[2021-05-11 16:09:33] app.INFO: Protect vendor folder in module dashproducts [] []
[2021-05-11 16:09:33] app.INFO: Module dashproducts has no vendor folder [] []
[2021-05-11 16:09:33] app.INFO: Protect vendor folder in module dashtrends [] []
[2021-05-11 16:09:33] app.INFO: Module dashtrends has no vendor folder [] []
[2021-05-11 16:09:33] app.INFO: Protect vendor folder in module graphnvd3 [] []
[2021-05-11 16:09:33] app.INFO: Module graphnvd3 has no vendor folder [] []
[2021-05-11 16:09:33] app.INFO: Protect vendor folder in module gridhtml [] []
[2021-05-11 16:09:33] app.INFO: Module gridhtml has no vendor folder [] []
[2021-05-11 16:09:33] app.INFO: Protect vendor folder in module gsitemap [] []
[2021-05-11 16:09:33] app.INFO: Module gsitemap has no vendor folder [] []
[2021-05-11 16:09:34] app.INFO: Protect vendor folder in module pagesnotfound [] []
[2021-05-11 16:09:34] app.INFO: Module pagesnotfound has no vendor folder [] []
[2021-05-11 16:09:34] app.INFO: Protect vendor folder in module productcomments [] []
[2021-05-11 16:09:34] app.INFO: Module productcomments has no vendor folder [] []
[2021-05-11 16:09:34] app.INFO: Protect vendor folder in module ps_banner [] []
[2021-05-11 16:09:34] app.INFO: Module ps_banner has no vendor folder [] []
[2021-05-11 16:09:34] app.INFO: Protect vendor folder in module ps_categorytree [] []
[2021-05-11 16:09:34] app.INFO: Module ps_categorytree has no vendor folder [] []
[2021-05-11 16:09:34] app.INFO: Protect vendor folder in module ps_checkpayment [] []
[2021-05-11 16:09:34] app.INFO: Module ps_checkpayment has no vendor folder [] []
[2021-05-11 16:09:34] app.INFO: Protect vendor folder in module ps_contactinfo [] []
[2021-05-11 16:09:34] app.INFO: Module ps_contactinfo has no vendor folder [] []
[2021-05-11 16:09:34] app.INFO: Protect vendor folder in module ps_crossselling [] []
[2021-05-11 16:09:34] app.INFO: Module ps_crossselling has no vendor folder [] []
[2021-05-11 16:09:34] app.INFO: Protect vendor folder in module ps_currencyselector [] []
[2021-05-11 16:09:34] app.INFO: Module ps_currencyselector has no vendor folder [] []
[2021-05-11 16:09:35] app.INFO: Protect vendor folder in module ps_customeraccountlinks [] []
[2021-05-11 16:09:35] app.INFO: Module ps_customeraccountlinks has no vendor folder [] []
[2021-05-11 16:09:35] app.INFO: Protect vendor folder in module ps_customersignin [] []
[2021-05-11 16:09:35] app.INFO: Module ps_customersignin has no vendor folder [] []
[2021-05-11 16:09:35] app.INFO: Protect vendor folder in module ps_customtext [] []
[2021-05-11 16:09:35] app.INFO: Module ps_customtext has no vendor folder [] []
[2021-05-11 16:09:35] app.INFO: Protect vendor folder in module ps_dataprivacy [] []
[2021-05-11 16:09:35] app.INFO: Module ps_dataprivacy has no vendor folder [] []
[2021-05-11 16:09:35] app.INFO: Protect vendor folder in module ps_emailsubscription [] []
[2021-05-11 16:09:35] app.INFO: Module ps_emailsubscription has no vendor folder [] []
[2021-05-11 16:09:36] app.INFO: Protect vendor folder in module ps_facetedsearch [] []
[2021-05-11 16:09:36] app.INFO: Module ps_facetedsearch has no vendor folder [] []
[2021-05-11 16:09:36] app.INFO: Protect vendor folder in module ps_faviconnotificationbo [] []
[2021-05-11 16:09:36] app.INFO: Module ps_faviconnotificationbo has no vendor folder [] []
[2021-05-11 16:09:36] app.INFO: Protect vendor folder in module ps_featuredproducts [] []
[2021-05-11 16:09:36] app.INFO: Module ps_featuredproducts has no vendor folder [] []
[2021-05-11 16:09:36] app.INFO: Protect vendor folder in module ps_imageslider [] []
[2021-05-11 16:09:36] app.INFO: Module ps_imageslider has no vendor folder [] []
[2021-05-11 16:09:36] app.INFO: Protect vendor folder in module ps_languageselector [] []
[2021-05-11 16:09:36] app.INFO: Module ps_languageselector has no vendor folder [] []
[2021-05-11 16:09:37] app.INFO: Protect vendor folder in module ps_linklist [] []
[2021-05-11 16:09:37] app.INFO: Module ps_linklist has no vendor folder [] []
[2021-05-11 16:09:37] app.ERROR: Cannot register tab "AdminLinkWidget" because it already exists [] []
[2021-05-11 16:09:37] app.INFO: Protect vendor folder in module ps_mainmenu [] []
[2021-05-11 16:09:37] app.INFO: Module ps_mainmenu has no vendor folder [] []
[2021-05-11 16:09:37] app.INFO: Protect vendor folder in module ps_searchbar [] []
[2021-05-11 16:09:37] app.INFO: Module ps_searchbar has no vendor folder [] []
[2021-05-11 16:09:37] app.INFO: Protect vendor folder in module ps_sharebuttons [] []
[2021-05-11 16:09:37] app.INFO: Module ps_sharebuttons has no vendor folder [] []
[2021-05-11 16:09:37] app.INFO: Protect vendor folder in module ps_shoppingcart [] []
[2021-05-11 16:09:37] app.INFO: Module ps_shoppingcart has no vendor folder [] []
[2021-05-11 16:09:37] app.INFO: Protect vendor folder in module ps_socialfollow [] []
[2021-05-11 16:09:37] app.INFO: Module ps_socialfollow has no vendor folder [] []
[2021-05-11 16:09:37] app.INFO: Protect vendor folder in module ps_themecusto [] []
[2021-05-11 16:09:37] app.INFO: Module ps_themecusto has no vendor folder [] []
[2021-05-11 16:09:37] app.INFO: Protect vendor folder in module ps_wirepayment [] []
[2021-05-11 16:09:37] app.INFO: Module ps_wirepayment has no vendor folder [] []
[2021-05-11 16:09:37] app.INFO: Protect vendor folder in module sekeywords [] []
[2021-05-11 16:09:38] app.INFO: Module sekeywords has no vendor folder [] []
[2021-05-11 16:09:38] app.INFO: Protect vendor folder in module statsbestcategories [] []
[2021-05-11 16:09:38] app.INFO: Module statsbestcategories has no vendor folder [] []
[2021-05-11 16:09:38] app.INFO: Protect vendor folder in module statsbestcustomers [] []
[2021-05-11 16:09:38] app.INFO: Module statsbestcustomers has no vendor folder [] []
[2021-05-11 16:09:38] app.INFO: Protect vendor folder in module statsbestproducts [] []
[2021-05-11 16:09:38] app.INFO: Module statsbestproducts has no vendor folder [] []
[2021-05-11 16:09:38] app.INFO: Protect vendor folder in module statsbestsuppliers [] []
[2021-05-11 16:09:38] app.INFO: Module statsbestsuppliers has no vendor folder [] []
[2021-05-11 16:09:38] app.INFO: Protect vendor folder in module statsbestvouchers [] []
[2021-05-11 16:09:38] app.INFO: Module statsbestvouchers has no vendor folder [] []
[2021-05-11 16:09:38] app.INFO: Protect vendor folder in module statscarrier [] []
[2021-05-11 16:09:38] app.INFO: Module statscarrier has no vendor folder [] []
[2021-05-11 16:09:38] app.INFO: Protect vendor folder in module statscatalog [] []
[2021-05-11 16:09:38] app.INFO: Module statscatalog has no vendor folder [] []
[2021-05-11 16:09:38] app.INFO: Protect vendor folder in module statscheckup [] []
[2021-05-11 16:09:38] app.INFO: Module statscheckup has no vendor folder [] []
[2021-05-11 16:09:38] app.INFO: Protect vendor folder in module statsdata [] []
[2021-05-11 16:09:38] app.INFO: Module statsdata has no vendor folder [] []
[2021-05-11 16:09:38] app.INFO: Protect vendor folder in module statsequipment [] []
[2021-05-11 16:09:38] app.INFO: Module statsequipment has no vendor folder [] []
[2021-05-11 16:09:38] app.INFO: Protect vendor folder in module statsforecast [] []
[2021-05-11 16:09:38] app.INFO: Module statsforecast has no vendor folder [] []
[2021-05-11 16:09:38] app.INFO: Protect vendor folder in module statslive [] []
[2021-05-11 16:09:38] app.INFO: Module statslive has no vendor folder [] []
[2021-05-11 16:09:38] app.INFO: Protect vendor folder in module statsnewsletter [] []
[2021-05-11 16:09:38] app.INFO: Module statsnewsletter has no vendor folder [] []
[2021-05-11 16:09:38] app.INFO: Protect vendor folder in module statsorigin [] []
[2021-05-11 16:09:38] app.INFO: Module statsorigin has no vendor folder [] []
[2021-05-11 16:09:38] app.INFO: Protect vendor folder in module statspersonalinfos [] []
[2021-05-11 16:09:38] app.INFO: Module statspersonalinfos has no vendor folder [] []
[2021-05-11 16:09:38] app.INFO: Protect vendor folder in module statsproduct [] []
[2021-05-11 16:09:38] app.INFO: Module statsproduct has no vendor folder [] []
[2021-05-11 16:09:38] app.INFO: Protect vendor folder in module statsregistrations [] []
[2021-05-11 16:09:38] app.INFO: Module statsregistrations has no vendor folder [] []
[2021-05-11 16:09:38] app.INFO: Protect vendor folder in module statssales [] []
[2021-05-11 16:09:38] app.INFO: Module statssales has no vendor folder [] []
[2021-05-11 16:09:39] app.INFO: Protect vendor folder in module statssearch [] []
[2021-05-11 16:09:39] app.INFO: Module statssearch has no vendor folder [] []
[2021-05-11 16:09:39] app.INFO: Protect vendor folder in module statsstock [] []
[2021-05-11 16:09:39] app.INFO: Module statsstock has no vendor folder [] []
[2021-05-11 16:09:39] app.INFO: Protect vendor folder in module statsvisits [] []
[2021-05-11 16:09:39] app.INFO: Module statsvisits has no vendor folder [] []
[2021-05-11 16:09:39] app.INFO: Protect vendor folder in module welcome [] []
[2021-05-11 16:09:39] app.INFO: Module welcome has no vendor folder [] []
[2021-05-11 16:09:40] app.INFO: Exporting mail with theme modern for language Français (French) [] []
[2021-05-11 16:09:40] app.INFO: Core output folder: C:\laragon\www\ps7-demo/mails [] []
[2021-05-11 16:09:40] app.INFO: Modules output folder: C:\laragon\www\ps7-demo/modules/ [] []
[2021-05-11 16:46:37] request.INFO: Matched route "admin_themes_enable". {"route":"admin_themes_enable","route_parameters":{"_controller":"PrestaShopBundle\\Controller\\Admin\\Improve\\Design\\ThemeController::enableAction","_legacy_controller":"AdminThemes","_legacy_link":"AdminThemes:enableTheme","_legacy_parameters":{"theme_name":"themeName"},"themeName":"wt_omartsimple","_route":"admin_themes_enable"},"request_uri":"http://localhost/ps7-demo/adminps7demo/index.php/improve/design/themes/wt_omartsimple/enable?_token=OADguJKfEZHJPLqBkGPWHgjZN43t6wCcjWHWt8TLsrc","method":"POST"} []
[2021-05-11 16:46:37] security.DEBUG: Read existing security token from the session. {"key":"_security_main","token_class":"Symfony\\Component\\Security\\Core\\Authentication\\Token\\UsernamePasswordToken"} []
[2021-05-11 16:46:37] security.DEBUG: User was reloaded from a user provider. {"provider":"PrestaShopBundle\\Security\\Admin\\EmployeeProvider","username":"jlefevre@webexpr.fr"} []
[2021-05-11 16:46:37] app.INFO: Protect vendor folder in module wtcustomhtml [] []
[2021-05-11 16:46:37] app.INFO: Module wtcustomhtml has no vendor folder [] []
[2021-05-11 16:46:37] app.INFO: Protect vendor folder in module wtblocksearch [] []
[2021-05-11 16:46:37] app.INFO: Module wtblocksearch has no vendor folder [] []
[2021-05-11 16:46:37] app.INFO: Protect vendor folder in module wtproductfilter [] []
[2021-05-11 16:46:37] app.INFO: Module wtproductfilter has no vendor folder [] []
[2021-05-11 16:46:37] app.ERROR: Missing class name of tab [] []
[2021-05-11 16:46:37] app.ERROR: Missing class name of tab [] []
[2021-05-11 16:46:37] app.ERROR: Missing class name of tab [] []
[2021-05-11 16:46:38] app.INFO: Protect vendor folder in module wtmegamenu [] []
[2021-05-11 16:46:38] app.INFO: Module wtmegamenu has no vendor folder [] []
[2021-05-12 09:10:55] request.INFO: Matched route "admin_themes_import". {"route":"admin_themes_import","route_parameters":{"_controller":"PrestaShopBundle\\Controller\\Admin\\Improve\\Design\\ThemeController::importAction","_legacy_controller":"AdminThemes","_legacy_link":"AdminThemes:importtheme","_route":"admin_themes_import"},"request_uri":"http://localhost/ps7-demo/adminps7demo/index.php/improve/design/themes/import?_token=OADguJKfEZHJPLqBkGPWHgjZN43t6wCcjWHWt8TLsrc","method":"POST"} []
[2021-05-12 09:10:55] security.DEBUG: Read existing security token from the session. {"key":"_security_main","token_class":"Symfony\\Component\\Security\\Core\\Authentication\\Token\\UsernamePasswordToken"} []
[2021-05-12 09:10:55] security.DEBUG: User was reloaded from a user provider. {"provider":"PrestaShopBundle\\Security\\Admin\\EmployeeProvider","username":"jlefevre@webexpr.fr"} []
[2021-05-12 09:11:02] app.ERROR: You must specify as many arguments (%d, %s ...) as the original string. [] []
[2021-05-12 09:11:02] security.DEBUG: Stored the security token in the session. {"key":"_security_main"} []
